<?xml version='1.0' encoding='UTF-8'?>
<testsuite hostname="0d89afa341b2" name="wikigraph.WikigraphSuite" tests="18" errors="0" failures="0" skipped="0" time="2.878" timestamp="2023-06-26T18:16:16">
          <properties>
[...]
</properties>
          <testcase classname="wikigraph.WikigraphSuite" name="zip without errors" time="1.616">
                      
                    </testcase><testcase classname="wikigraph.WikigraphSuite" name="zip with domain errors" time="0.165">
                      
                    </testcase><testcase classname="wikigraph.WikigraphSuite" name="zip with domain errors and failures" time="0.096">
                      
                    </testcase><testcase classname="wikigraph.WikigraphSuite" name="traverse without errors" time="0.129">
                      
                    </testcase><testcase classname="wikigraph.WikigraphSuite" name="traverse with domain errors" time="0.198">
                      
                    </testcase><testcase classname="wikigraph.WikigraphSuite" name="traverse with domain errors and failures" time="0.083">
                      
                    </testcase><testcase classname="wikigraph.WikigraphSuite" name="map" time="0.02">
                      
                    </testcase><testcase classname="wikigraph.WikigraphSuite" name="flatMap with a successful function" time="0.022">
                      
                    </testcase><testcase classname="wikigraph.WikigraphSuite" name="flatMap with a function producing a domain error" time="0.02">
                      
                    </testcase><testcase classname="wikigraph.WikigraphSuite" name="flatMap with a function producing a system failure" time="0.018">
                      
                    </testcase><testcase classname="wikigraph.WikigraphSuite" name="breadthFirstSearch finds unique path (2pts)" time="0.113">
                      
                    </testcase><testcase classname="wikigraph.WikigraphSuite" name="breadthFirstSearch finds shortest path (2pts)" time="0.007">
                      
                    </testcase><testcase classname="wikigraph.WikigraphSuite" name="breadthFirstSearch exits when maxDepth is reached (2pts)" time="0.015">
                      
                    </testcase><testcase classname="wikigraph.WikigraphSuite" name="breadthFirstSearch does not fail on errors (2pts)" time="0.003">
                      
                    </testcase><testcase classname="wikigraph.WikigraphSuite" name="breadthFirstSearch does not get stuck in cycles (2pts)" time="0.005">
                      
                    </testcase><testcase classname="wikigraph.WikigraphSuite" name="breadthFirstSearch does not get stuck in short cycles (2pts)" time="0.002">
                      
                    </testcase><testcase classname="wikigraph.WikigraphSuite" name="distanceMatrix (3pts)" time="0.07">
                      
                    </testcase><testcase classname="wikigraph.WikigraphSuite" name="namedLinks (3pts)" time="0.296">
                      
                    </testcase>
          <system-out><![CDATA[]]></system-out>
          <system-err><![CDATA[]]></system-err>
        </testsuite>