<?xml version='1.0' encoding='UTF-8'?>
<testsuite hostname="0d89afa341b2" name="todo.TodoSuite" tests="14" errors="0" failures="0" skipped="0" time="3.148" timestamp="2023-06-23T18:18:07">
          <properties>
[...]
</properties>
          <testcase classname="todo.TodoSuite" name="Created tasks can be read" time="0.374">
                      
                    </testcase><testcase classname="todo.TodoSuite" name="Updated tasks can be read" time="0.002">
                      
                    </testcase><testcase classname="todo.TodoSuite" name="Deleted tasks are no longer read" time="0.018">
                      
                    </testcase><testcase classname="todo.TodoSuite" name="Tasks returns all inserted tasks in insertion order" time="0.051">
                      
                    </testcase><testcase classname="todo.TodoSuite" name="Tasks(tag) returns only tasks with given tag" time="0.017">
                      
                    </testcase><testcase classname="todo.TodoSuite" name="complete changes state to completed, if task is not already completed" time="0.012">
                      
                    </testcase><testcase classname="todo.TodoSuite" name="tags returns all tags" time="0.117">
                      
                    </testcase><testcase classname="todo.TodoSuite" name="Created tasks can be read-1" time="1.798">
                      
                    </testcase><testcase classname="todo.TodoSuite" name="Updated tasks can be read-1" time="0.105">
                      
                    </testcase><testcase classname="todo.TodoSuite" name="Deleted tasks are no longer read-1" time="0.123">
                      
                    </testcase><testcase classname="todo.TodoSuite" name="Tasks returns all inserted tasks in insertion order-1" time="0.118">
                      
                    </testcase><testcase classname="todo.TodoSuite" name="Tasks(tag) returns only tasks with given tag-1" time="0.128">
                      
                    </testcase><testcase classname="todo.TodoSuite" name="complete changes state to completed, if task is not already completed-1" time="0.14">
                      
                    </testcase><testcase classname="todo.TodoSuite" name="tags returns all tags-1" time="0.145">
                      
                    </testcase>
          <system-out><![CDATA[]]></system-out>
          <system-err><![CDATA[]]></system-err>
        </testsuite>